
> frontend@0.1.0 dev
> next dev

⚠ `eslint` configuration in next.config.ts is no longer supported. See more info here: https://nextjs.org/docs/app/api-reference/cli/next#next-lint-options
⚠ Invalid next.config.ts options detected: 
⚠     Unrecognized key(s) in object: 'eslint'
⚠ See more info here: https://nextjs.org/docs/messages/invalid-next-config
▲ Next.js 16.1.6 (Turbopack)
- Local:         http://localhost:3000
- Network:       http://192.168.0.111:3000

✓ Starting...
⚠ The "middleware" file convention is deprecated. Please use "proxy" instead. Learn more: https://nextjs.org/docs/messages/middleware-to-proxy
✓ Ready in 917ms
[Frontend Request] GET /
 GET / 200 in 1304ms (compile: 1096ms, proxy.ts: 67ms, render: 141ms)
[Frontend Request] GET /_next/static/chunks/%5Broot-of-the-server%5D__28bc9c2a._.css
[Frontend Request] GET /_next/static/chunks/%5Bturbopack%5D_browser_dev_hmr-client_hmr-client_ts_956a0d3a._.js
[Frontend Request] GET /assets/logo.png
[Frontend Request] GET /_next/static/chunks/node_modules_next_dist_compiled_react-dom_1e674e59._.js
[Frontend Request] GET /_next/static/chunks/node_modules_next_dist_compiled_react-server-dom-turbopack_9212ccad._.js
[Frontend Request] GET /_next/static/chunks/node_modules_next_dist_compiled_next-devtools_index_1dd7fb59.js
[Frontend Request] GET /_next/static/chunks/node_modules_next_dist_compiled_a0e4c7b4._.js
[Frontend Request] GET /_next/static/chunks/node_modules_next_dist_client_17643121._.js
[Frontend Request] GET /_next/static/chunks/node_modules_next_dist_f3530cac._.js
[Frontend Request] GET /_next/static/chunks/node_modules_%40swc_helpers_cjs_d80fb378._.js
[Frontend Request] GET /_next/static/chunks/_a0ff3932._.js
[Frontend Request] GET /_next/static/chunks/turbopack-_23a915ee._.js
[Frontend Request] GET /_next/static/chunks/node_modules_next_dist_be32b49c._.js
[Frontend Request] GET /_next/static/chunks/app_favicon_ico_mjs_745fddaf._.js
[Frontend Request] GET /_next/static/chunks/app_layout_tsx_1cf6b850._.js
[Frontend Request] GET /_next/static/chunks/_5aa1114c._.js
[Frontend Request] GET /_next/static/chunks/node_modules_fe67a8c5._.js
[Frontend Request] GET /_next/static/chunks/app_page_tsx_a8c03fea._.js
[Frontend Request] GET /_next/static/chunks/node_modules_next_dist_client_components_builtin_global-error_1cf6b850.js
[Frontend Request] GET /_next/static/chunks/%5Bturbopack%5D_browser_dev_hmr-client_hmr-client_ts_c8c997ce._.js
[Frontend Request] GET /_next/static/chunks/%5Bturbopack%5D_browser_dev_hmr-client_hmr-client_ts_c7192189._.js
[Frontend Request] GET /favicon.ico
[Frontend Request] GET /
 GET / 200 in 260ms (compile: 49ms, proxy.ts: 25ms, render: 185ms)
[Frontend Request] GET /assets/logo.png
[Frontend Request] GET /_next/static/chunks/%5Bturbopack%5D_browser_dev_hmr-client_hmr-client_ts_956a0d3a._.js
[Frontend Request] GET /_next/static/chunks/%5Broot-of-the-server%5D__28bc9c2a._.css
[Frontend Request] GET /_next/static/chunks/node_modules_next_dist_compiled_a0e4c7b4._.js
[Frontend Request] GET /_next/static/chunks/node_modules_next_dist_compiled_react-dom_1e674e59._.js
[Frontend Request] GET /_next/static/chunks/node_modules_next_dist_compiled_react-server-dom-turbopack_9212ccad._.js
[Frontend Request] GET /_next/static/chunks/node_modules_next_dist_compiled_next-devtools_index_1dd7fb59.js
[Frontend Request] GET /_next/static/chunks/node_modules_next_dist_client_17643121._.js
[Frontend Request] GET /_next/static/chunks/node_modules_next_dist_f3530cac._.js
[Frontend Request] GET /_next/static/chunks/node_modules_%40swc_helpers_cjs_d80fb378._.js
[Frontend Request] GET /_next/static/chunks/_a0ff3932._.js
[Frontend Request] GET /_next/static/chunks/turbopack-_23a915ee._.js
[Frontend Request] GET /_next/static/chunks/node_modules_next_dist_be32b49c._.js
[Frontend Request] GET /_next/static/chunks/app_favicon_ico_mjs_745fddaf._.js
[Frontend Request] GET /_next/static/chunks/app_layout_tsx_1cf6b850._.js
[Frontend Request] GET /_next/static/chunks/_5aa1114c._.js
[Frontend Request] GET /_next/static/chunks/node_modules_fe67a8c5._.js
[Frontend Request] GET /_next/static/chunks/app_page_tsx_a8c03fea._.js
[Frontend Request] GET /_next/static/chunks/node_modules_next_dist_client_components_builtin_global-error_1cf6b850.js
[Frontend Request] GET /_next/static/chunks/%5Bturbopack%5D_browser_dev_hmr-client_hmr-client_ts_c8c997ce._.js
[Frontend Request] GET /_next/static/chunks/%5Bturbopack%5D_browser_dev_hmr-client_hmr-client_ts_c7192189._.js
[Frontend Request] GET /favicon.ico
[Frontend Request] GET /favicon.ico
